<?xml version="1.0" encoding="UTF-8"?>
<!-- Generated by org.testng.reporters.JUnitReportReporter -->
<testsuite hostname="DESKTOP-LIMR78O" failures="0" tests="1" name="testng.packagee.SoftAssertClass" time="9.474" errors="0" timestamp="2022-01-09T13:37:06 IST" skipped="0">
  <testcase classname="testng.packagee.SoftAssertClass" name="SoftAssertMethod" time="9.474"/>
  <system-out/>
</testsuite> <!-- testng.packagee.SoftAssertClass -->
