<?xml version="1.0" encoding="UTF-8"?>
<!-- Generated by org.testng.reporters.JUnitReportReporter -->
<testsuite hostname="DESKTOP-LIMR78O" failures="0" tests="15" name="testng.packagee.GroupsInTestNg" time="0.032" errors="0" timestamp="2022-01-09T13:37:06 IST" skipped="0">
  <testcase classname="testng.packagee.GroupsInTestNg" name="test10" time="0.002"/>
  <system-out/>
  <testcase classname="testng.packagee.GroupsInTestNg" name="test6" time="0.002"/>
  <system-out/>
  <testcase classname="testng.packagee.GroupsInTestNg" name="test6" time="0.002"/>
  <system-out/>
  <testcase classname="testng.packagee.GroupsInTestNg" name="test2" time="0.001"/>
  <system-out/>
  <testcase classname="testng.packagee.GroupsInTestNg" name="test8" time="0.001"/>
  <system-out/>
  <testcase classname="testng.packagee.GroupsInTestNg" name="test7" time="0.001"/>
  <system-out/>
  <testcase classname="testng.packagee.GroupsInTestNg" name="test3" time="0.005"/>
  <system-out/>
  <testcase classname="testng.packagee.GroupsInTestNg" name="test7" time="0.002"/>
  <system-out/>
  <testcase classname="testng.packagee.GroupsInTestNg" name="test1" time="0.002"/>
  <system-out/>
  <testcase classname="testng.packagee.GroupsInTestNg" name="test1" time="0.002"/>
  <system-out/>
  <testcase classname="testng.packagee.GroupsInTestNg" name="test9" time="0.002"/>
  <system-out/>
  <testcase classname="testng.packagee.GroupsInTestNg" name="test4" time="0.002"/>
  <system-out/>
  <testcase classname="testng.packagee.GroupsInTestNg" name="test6" time="0.002"/>
  <system-out/>
  <testcase classname="testng.packagee.GroupsInTestNg" name="test3" time="0.005"/>
  <system-out/>
  <testcase classname="testng.packagee.GroupsInTestNg" name="test5" time="0.001"/>
  <system-out/>
</testsuite> <!-- testng.packagee.GroupsInTestNg -->
