<?xml version="1.0" encoding="UTF-8"?>
<!-- Generated by org.testng.reporters.JUnitReportReporter -->
<testsuite hostname="DESKTOP-LIMR78O" failures="0" tests="3" name="testng.packagee.urlOpeningThroughTestng" time="18.894" errors="0" timestamp="2022-01-09T13:37:06 IST" skipped="0">
  <testcase classname="testng.packagee.urlOpeningThroughTestng" name="urlTest" time="5.715"/>
  <system-out/>
  <testcase classname="testng.packagee.urlOpeningThroughTestng" name="urlTest" time="6.360"/>
  <system-out/>
  <testcase classname="testng.packagee.urlOpeningThroughTestng" name="urlTest" time="6.819"/>
  <system-out/>
</testsuite> <!-- testng.packagee.urlOpeningThroughTestng -->
