<?xml version="1.0" encoding="UTF-8"?>
<!-- Generated by org.testng.reporters.JUnitReportReporter -->
<testsuite hostname="DESKTOP-LIMR78O" failures="0" tests="3" name="testng.packagee.SkipTestDemo" time="0.018" errors="0" timestamp="2022-01-09T13:52:24 IST" skipped="3">
  <testcase classname="testng.packagee.SkipTestDemo" name="skipTest3" time="0.002">
    <skipped/>
  </testcase> <!-- skipTest3 -->
  <system-out/>
  <testcase classname="testng.packagee.SkipTestDemo" name="skipTest2" time="0.016">
    <skipped/>
  </testcase> <!-- skipTest2 -->
  <system-out/>
  <testcase classname="testng.packagee.SkipTestDemo" name="skipTest1">
    <skipped/>
  </testcase> <!-- skipTest1 -->
  <system-out/>
</testsuite> <!-- testng.packagee.SkipTestDemo -->
