<?xml version="1.0" encoding="UTF-8"?>
<!-- Generated by org.testng.reporters.JUnitReportReporter -->
<testsuite hostname="DESKTOP-LIMR78O" failures="0" tests="1" name="testng.packagee.TextBoxHandling" time="21.524" errors="0" timestamp="2022-01-10T12:25:39 IST" skipped="0">
  <testcase classname="testng.packagee.TextBoxHandling" name="applicationLaunch" time="21.524"/>
  <system-out/>
</testsuite> <!-- testng.packagee.TextBoxHandling -->
