<?xml version="1.0" encoding="UTF-8"?>
<!-- Generated by org.testng.reporters.JUnitReportReporter -->
<testsuite hostname="DESKTOP-LIMR78O" failures="0" tests="4" name="testng.packagee.DataProviderDemo" time="23.617" errors="0" timestamp="2022-01-10T11:52:27 IST" skipped="0">
  <testcase classname="testng.packagee.DataProviderDemo" name="loginTest" time="8.976"/>
  <system-out/>
  <testcase classname="testng.packagee.DataProviderDemo" name="loginTest" time="3.637"/>
  <system-out/>
  <testcase classname="testng.packagee.DataProviderDemo" name="loginTest" time="7.233"/>
  <system-out/>
  <testcase classname="testng.packagee.DataProviderDemo" name="loginTest" time="3.771"/>
  <system-out/>
</testsuite> <!-- testng.packagee.DataProviderDemo -->
