<?xml version="1.0" encoding="UTF-8"?>
<!-- Generated by org.testng.reporters.JUnitReportReporter -->
<testsuite hostname="DESKTOP-LIMR78O" failures="0" tests="1" name="testng.packagee.HardAssert" time="5.204" errors="0" timestamp="2022-01-09T13:37:06 IST" skipped="0">
  <testcase classname="testng.packagee.HardAssert" name="assertMethod" time="5.204"/>
  <system-out/>
</testsuite> <!-- testng.packagee.HardAssert -->
